[Wed Aug  6 19:55:11 UTC 2025] NS-3 集成模式启动 beacon-chain-2
[Wed Aug  6 19:55:11 UTC 2025] 等待信号: ns3_network_ready.lock
[Wed Aug  6 19:55:38 UTC 2025] 收到信号: ns3_network_ready.lock
[Wed Aug  6 19:55:38 UTC 2025] 等待信号: bootstrap_ready.lock
[Wed Aug  6 19:55:53 UTC 2025] 收到信号: bootstrap_ready.lock
[Wed Aug  6 19:55:53 UTC 2025] 等待信号: network_ready.lock
[Wed Aug  6 19:55:53 UTC 2025] 收到信号: network_ready.lock
[Wed Aug  6 19:55:53 UTC 2025] 信号检查完成，启动 beacon-chain-2...
[Wed Aug  6 19:55:53 UTC 2025] Bootstrap 节点: enr:-Mq4QOOYPP1rSnSN9v87r66ifTm1y9FoUGUWeAZdg4Yqzp1qbGKBDh1NAEezk8ZDthNmB77gfn1TwO75592MM4z1qk2GAZiA9BwTh2F0dG5ldHOIAAAAAMAAAACEZXRoMpBa8xKTIAAAkwAdBAAAAAAAgmlkgnY0gmlwhAoAAAGEcXVpY4IyyIlzZWNwMjU2azGhAnP84sCdwRyvAArax0YECuwnf_ubI-MogtN69tS6AxM9iHN5bmNuZXRzAIN0Y3CCMsiDdWRwgi7g
time="2025-08-06 19:55:53" level=info msg="Finished reading JWT secret from /execution/jwtsecret" prefix=execution
time="2025-08-06 19:55:53" level=error msg="enable-debug-rpc-endpoints is deprecated and has no effect. Do not use this flag, it will be deleted soon." prefix=flags
time="2025-08-06 19:55:53" level=warning msg="Running on custom Ethereum network specified in a chain configuration yaml file" prefix=flags
time="2025-08-06 19:55:53" level=debug msg="Config file values: &{GenesisSlot:0 GenesisEpoch:0 FarFutureEpoch:18446744073709551615 FarFutureSlot:18446744073709551615 BaseRewardsPerEpoch:4 DepositContractTreeDepth:32 JustificationBitsLength:0 PresetBase:interop ConfigName:interop TargetCommitteeSize:128 MaxValidatorsPerCommittee:2048 MaxCommitteesPerSlot:64 MinPerEpochChurnLimit:4 ChurnLimitQuotient:65536 ShuffleRoundCount:90 MinGenesisActiveValidatorCount:16384 MinGenesisTime:1606824000 TargetAggregatorsPerCommittee:16 HysteresisQuotient:4 HysteresisDownwardMultiplier:1 HysteresisUpwardMultiplier:5 MinDepositAmount:1000000000 MinActivationBalance:32000000000 MaxEffectiveBalance:32000000000 EjectionBalance:16000000000 EffectiveBalanceIncrement:1000000000 BLSWithdrawalPrefixByte:0 ETH1AddressWithdrawalPrefixByte:1 CompoundingWithdrawalPrefixByte:2 ZeroHash:[0 0 0 0 0 0 0 0 0 0 0 0 0 0 0 0 0 0 0 0 0 0 0 0 0 0 0 0 0 0 0 0] GenesisDelay:604800 MinAttestationInclusionDelay:1 SecondsPerSlot:6 SlotsPerEpoch:6 SqrRootSlotsPerEpoch:2 MinSeedLookahead:1 MaxSeedLookahead:4 EpochsPerEth1VotingPeriod:64 SlotsPerHistoricalRoot:8192 MinValidatorWithdrawabilityDelay:256 ShardCommitteePeriod:256 MinEpochsToInactivityPenalty:4 Eth1FollowDistance:2048 SecondsPerETH1Block:14 ProposerScoreBoost:40 ReorgHeadWeightThreshold:20 ReorgParentWeightThreshold:160 ReorgMaxEpochsSinceFinalization:2 IntervalsPerSlot:3 DepositChainID:1 DepositNetworkID:1 DepositContractAddress:0x4242424242424242424242424242424242424242 RandomSubnetsPerValidator:1 EpochsPerRandomSubnetSubscription:256 EpochsPerHistoricalVector:65536 EpochsPerSlashingsVector:8192 HistoricalRootsLimit:16777216 ValidatorRegistryLimit:1099511627776 BaseRewardFactor:64 WhistleBlowerRewardQuotient:512 ProposerRewardQuotient:8 InactivityPenaltyQuotient:67108864 MinSlashingPenaltyQuotient:128 ProportionalSlashingMultiplier:1 MaxProposerSlashings:16 MaxAttesterSlashings:2 MaxAttesterSlashingsElectra:1 MaxAttestations:128 MaxAttestationsElectra:8 MaxDeposits:16 MaxVoluntaryExits:16 MaxWithdrawalsPerPayload:16 MaxPartialWithdrawalsPerPayload:0 MaxBlsToExecutionChanges:16 MaxValidatorsPerWithdrawalsSweep:16384 DomainBeaconProposer:[0 0 0 0] DomainRandao:[2 0 0 0] DomainBeaconAttester:[1 0 0 0] DomainDeposit:[3 0 0 0] DomainVoluntaryExit:[4 0 0 0] DomainSelectionProof:[5 0 0 0] DomainAggregateAndProof:[6 0 0 0] DomainSyncCommittee:[7 0 0 0] DomainSyncCommitteeSelectionProof:[8 0 0 0] DomainContributionAndProof:[9 0 0 0] DomainApplicationMask:[0 0 0 1] DomainApplicationBuilder:[0 0 0 1] DomainBLSToExecutionChange:[10 0 0 0] GenesisValidatorsRoot:[75 54 61 185 78 40 97 32 215 110 185 5 52 15 221 78 84 191 233 240 107 243 63 246 207 90 210 127 81 27 254 149] GweiPerEth:1000000000 BLSSecretKeyLength:32 BLSPubkeyLength:48 DefaultBufferSize:10000 ValidatorPrivkeyFileName:/validatorprivatekey WithdrawalPrivkeyFileName:/shardwithdrawalkey RPCSyncCheck:1ns EmptySignature:[0 0 0 0 0 0 0 0 0 0 0 0 0 0 0 0 0 0 0 0 0 0 0 0 0 0 0 0 0 0 0 0 0 0 0 0 0 0 0 0 0 0 0 0 0 0 0 0 0 0 0 0 0 0 0 0 0 0 0 0 0 0 0 0 0 0 0 0 0 0 0 0 0 0 0 0 0 0 0 0 0 0 0 0 0 0 0 0 0 0 0 0 0 0 0 0] DefaultPageSize:250 MaxPeersToSync:15 SlotsPerArchivedPoint:2048 GenesisCountdownInterval:1m0s BeaconStateFieldCount:21 BeaconStateAltairFieldCount:24 BeaconStateBellatrixFieldCount:25 BeaconStateCapellaFieldCount:28 BeaconStateDenebFieldCount:28 BeaconStateElectraFieldCount:37 BeaconStateFuluFieldCount:37 WeakSubjectivityPeriod:54000 PruneSlasherStoragePeriod:10 SlashingProtectionPruningEpochs:512 GenesisForkVersion:[32 0 0 137] AltairForkVersion:[32 0 0 144] AltairForkEpoch:0 BellatrixForkVersion:[32 0 0 145] BellatrixForkEpoch:0 CapellaForkVersion:[32 0 0 146] CapellaForkEpoch:0 DenebForkVersion:[32 0 0 147] DenebForkEpoch:269568 ElectraForkVersion:[32 0 0 148] ElectraForkEpoch:364032 FuluForkVersion:[32 0 0 149] FuluForkEpoch:18446744073709551615 ForkVersionSchedule:map[[32 0 0 137]:0 [32 0 0 144]:0 [32 0 0 145]:0 [32 0 0 146]:0 [32 0 0 147]:269568 [32 0 0 148]:364032 [32 0 0 149]:18446744073709551615] ForkVersionNames:map[[32 0 0 137]:phase0 [32 0 0 144]:altair [32 0 0 145]:bellatrix [32 0 0 146]:capella [32 0 0 147]:deneb [32 0 0 148]:electra [32 0 0 149]:fulu] SafetyDecay:10 TimelySourceFlagIndex:0 TimelyTargetFlagIndex:1 TimelyHeadFlagIndex:2 TimelySourceWeight:14 TimelyTargetWeight:26 TimelyHeadWeight:14 SyncRewardWeight:2 WeightDenominator:64 ProposerWeight:8 TargetAggregatorsPerSyncSubcommittee:16 SyncCommitteeSubnetCount:4 SyncCommitteeSize:512 InactivityScoreBias:4 InactivityScoreRecoveryRate:16 EpochsPerSyncCommitteePeriod:256 InactivityPenaltyQuotientAltair:50331648 MinSlashingPenaltyQuotientAltair:64 ProportionalSlashingMultiplierAltair:2 MinSlashingPenaltyQuotientBellatrix:32 ProportionalSlashingMultiplierBellatrix:3 InactivityPenaltyQuotientBellatrix:16777216 MinSyncCommitteeParticipants:1 MaxRequestLightClientUpdates:128 TerminalBlockHash:0x0000000000000000000000000000000000000000000000000000000000000000 TerminalBlockHashActivationEpoch:18446744073709551615 TerminalTotalDifficulty:0 MaxBytesPerTransaction:1073741824 MaxTransactionsPerPayload:1048576 BytesPerLogsBloom:256 MaxExtraDataBytes:32 DefaultFeeRecipient:0x0000000000000000000000000000000000000000 EthBurnAddressHex:0x0000000000000000000000000000000000000000 DefaultBuilderGasLimit:36000000 MaxBuilderConsecutiveMissedSlots:3 MaxBuilderEpochMissedSlots:5 LocalBlockValueBoost:0 MinBuilderBid:0 MinBuilderDiff:0 ExecutionEngineTimeoutValue:8 BlobsidecarSubnetCount:6 BlobsidecarSubnetCountElectra:9 MaxPerEpochActivationChurnLimit:8 MinEpochsForBlobsSidecarsRequest:4096 MaxRequestBlobSidecars:768 MaxRequestBlobSidecarsElectra:1152 MaxRequestBlocksDeneb:128 FieldElementsPerBlob:4096 MaxBlobCommitmentsPerBlock:4096 KzgCommitmentInclusionProofDepth:17 MaxPerEpochActivationExitChurnLimit:256000000000 MinPerEpochChurnLimitElectra:128000000000 MaxEffectiveBalanceElectra:2048000000000 MinSlashingPenaltyQuotientElectra:4096 WhistleBlowerRewardQuotientElectra:4096 PendingDepositsLimit:134217728 PendingPartialWithdrawalsLimit:134217728 PendingConsolidationsLimit:262144 MaxConsolidationsRequestsPerPayload:2 MaxPendingPartialsPerWithdrawalsSweep:8 MaxPendingDepositsPerEpoch:16 FullExitRequestAmount:0 MaxWithdrawalRequestsPerPayload:16 MaxDepositRequestsPerPayload:8192 UnsetDepositRequestsStartIndex:18446744073709551615 SamplesPerSlot:8 CustodyRequirement:4 MinEpochsForDataColumnSidecarsRequest:4096 MaxRequestDataColumnSidecars:16384 MaxCellsInExtendedMatrix:768 NumberOfColumns:128 DataColumnSidecarSubnetCount:128 MaxPayloadSize:10485760 AttestationSubnetCount:64 AttestationPropagationSlotRange:32 MaxRequestBlocks:1024 TtfbTimeout:5 RespTimeout:10 MaximumGossipClockDisparity:500 MessageDomainInvalidSnappy:[0 0 0 0] MessageDomainValidSnappy:[1 0 0 0] MinEpochsForBlockRequests:33024 EpochsPerSubnetSubscription:256 AttestationSubnetExtraBits:0 AttestationSubnetPrefixBits:6 SubnetsPerNode:2 NodeIdBits:256 DeprecatedMaxBlobsPerBlock:6 DeprecatedMaxBlobsPerBlockElectra:9 DeprecatedTargetBlobsPerBlockElectra:6}"
time="2025-08-06 19:55:53" level=warning msg="Fee recipient 0x123463a4b065722e99115d6c222f267d9cabb524 is not a checksum Ethereum address. The checksummed address is 0x123463a4B065722E99115D6c222f267d9cABb524 and will be used as the fee recipient. We recommend using a mixed-case address (checksum) to prevent spelling mistakes in your fee recipient Ethereum address" prefix=node
time="2025-08-06 19:55:53" level=info msg="Default fee recipient is set to 0x123463a4B065722E99115D6c222f267d9cABb524, recipient may be overwritten from validator client and persist in db. Default fee recipient will be used as a fall back" prefix=node
time="2025-08-06 19:55:53" level=debug msg="Starting DB" prefix=node
time="2025-08-06 19:55:53" level=info msg="Checking DB" databasePath="/consensus/beacondata2/beaconchaindata" prefix=node
time="2025-08-06 19:55:53" level=info msg="Opening Bolt DB" path="/consensus/beacondata2/beaconchaindata/beaconchain.db" prefix=db
time="2025-08-06 19:55:53" level=warning msg="Removing database" prefix=node
time="2025-08-06 19:55:53" level=info msg="Opening Bolt DB" path="/consensus/beacondata2/beaconchaindata/beaconchain.db" prefix=db
time="2025-08-06 19:55:53" level=info msg="Loading genesis state from disk." hash=0x963dae36c1194887fc0d221c690d6a60ad4bc7c43e1f50071c044b81d2f4b5b8 prefix=genesis
time="2025-08-06 19:55:53" level=info msg="Deposit contract" address=0x4242424242424242424242424242424242424242 prefix=node
time="2025-08-06 19:55:53" level=info msg="Blob filesystem cache warm-up started. This may take a few minutes." prefix=filesystem
time="2025-08-06 19:55:53" level=info msg="Blob filesystem cache warm-up complete." elapsed=52.471µs prefix=filesystem
time="2025-08-06 19:55:53" level=debug msg="Starting Slashing DB" prefix=node
time="2025-08-06 19:55:53" level=debug msg="Starting State Gen" prefix=node
time="2025-08-06 19:55:53" level=debug msg="Registering P2P Service" prefix=node
time="2025-08-06 19:55:53" level=info msg="Wrote network key to file" path="/consensus/beacondata2/network-keys" prefix=p2p
time="2025-08-06 19:55:53" level=info msg="Running node with peer id of 16Uiu2HAmSGEspDdLwJ9JWzgxFFpYsWditseAH7Xmdx55iXCf2zM8 " prefix=p2p
time="2025-08-06 19:55:53" level=debug msg="ECDSA private key generated" prefix=p2p
2025/08/06 19:55:53 failed to sufficiently increase receive buffer size (was: 208 kiB, wanted: 7168 kiB, got: 416 kiB). See https://github.com/quic-go/quic-go/wiki/UDP-Buffer-Sizes for details.
time="2025-08-06 19:55:53" level=debug msg="Registering Backfill Service" prefix=node
time="2025-08-06 19:55:53" level=debug msg="Registering POW Chain Service" prefix=node
time="2025-08-06 19:55:53" level=debug msg="Registering Attestation Pool Service" prefix=node
time="2025-08-06 19:55:53" level=debug msg="Registering Blockchain Service" prefix=node
time="2025-08-06 19:55:53" level=debug msg="--weak-subjectivity-checkpoint not provided" prefix=blockchain
time="2025-08-06 19:55:53" level=debug msg="Registering Initial Sync Service" prefix=node
time="2025-08-06 19:55:53" level=debug msg="Registering Sync Service" prefix=node
time="2025-08-06 19:55:53" level=debug msg="Registering Slashing Pool Service" prefix=node
time="2025-08-06 19:55:53" level=debug msg="Registering Slasher Service" enabled=false prefix=node
time="2025-08-06 19:55:53" level=debug msg="Registering builder service" prefix=node
time="2025-08-06 19:55:53" level=debug msg="Registering RPC Service" prefix=node
time="2025-08-06 19:55:53" level=info msg="gRPC server listening on port" address="0.0.0.0:4000" prefix=rpc
time="2025-08-06 19:55:53" level=warning msg="You are using an insecure gRPC server. If you are running your beacon node and validator on the same machines, you can ignore this message. If you want to know how to enable secure connections, see: https://docs.prylabs.network/docs/prysm-usage/secure-grpc" prefix=rpc
time="2025-08-06 19:55:53" level=debug msg="Registering HTTP Service" prefix=node
time="2025-08-06 19:55:53" level=debug msg="Registering Validator Monitoring Service" prefix=node
time="2025-08-06 19:55:53" level=debug msg="Registering Prometheus Service" prefix=node
time="2025-08-06 19:55:53" level=info msg="Starting beacon node" prefix=node version="Prysm/v5.3.2/6180b5a560d56966b3efaa44a3b3871947a41db6. Built at: 2025-04-14 14:55:14+00:00"
time="2025-08-06 19:55:53" level=debug msg="Starting service type *p2p.Service" prefix=registry
time="2025-08-06 19:55:53" level=debug msg="Starting service type *backfill.Service" prefix=registry
time="2025-08-06 19:55:53" level=debug msg="Starting service type *execution.Service" prefix=registry
time="2025-08-06 19:55:53" level=debug msg="Starting service type *attestations.Service" prefix=registry
time="2025-08-06 19:55:53" level=debug msg="Starting service type *blockchain.Service" prefix=registry
time="2025-08-06 19:55:53" level=debug msg="Starting service type *initialsync.Service" prefix=registry
time="2025-08-06 19:55:53" level=debug msg="Starting service type *sync.Service" prefix=registry
time="2025-08-06 19:55:53" level=debug msg="Starting service type *slashings.PoolService" prefix=registry
time="2025-08-06 19:55:53" level=debug msg="Starting service type *builder.Service" prefix=registry
time="2025-08-06 19:55:53" level=debug msg="Starting service type *rpc.Service" prefix=registry
time="2025-08-06 19:55:53" level=debug msg="Starting service type *httprest.Server" prefix=registry
time="2025-08-06 19:55:53" level=info msg="Backfill service not enabled" prefix=backfill
time="2025-08-06 19:55:53" level=info msg="Backfill service marked as complete" prefix=backfill
time="2025-08-06 19:55:53" level=debug msg="Starting service type *prometheus.Service" prefix=registry
time="2025-08-06 19:55:53" level=info msg="Waiting for state to be initialized" prefix=initial-sync
time="2025-08-06 19:55:53" level=info msg="Starting HTTP server" address="0.0.0.0:7777" prefix=httprest
time="2025-08-06 19:55:53" level=debug msg="Starting prometheus service" address="127.0.0.1:8080" prefix=prometheus
time="2025-08-06 19:55:53" level=info msg="Blockchain data already exists in DB, initializing..." prefix=blockchain
time="2025-08-06 19:55:53" level=info msg="Initialized head block from DB" prefix=blockchain root=0x3f23f12107ff972058f0938e8971cb32bbb58bfb0d92af4210f8a5c5f104dd76 slot=0
time="2025-08-06 19:55:53" level=error msg="Could not clean up dirty states" error="OriginBlockRoot: not found in db" prefix=state-gen
time="2025-08-06 19:55:53" level=debug msg="Populating pubkey cache" prefix=state-gen
time="2025-08-06 19:55:53" level=info msg="Slashing pool service received chain initialization event" genesisTime=2025-08-06 19:55:08 +0000 UTC prefix="pool/slashings"
time="2025-08-06 19:55:53" level=info msg="Received state initialized event" prefix=initial-sync
time="2025-08-06 19:55:53" level=info msg="Due to number of peers required for sync being set at 0, entering regular sync immediately." genesisTime=2025-08-06 19:55:08 +0000 UTC prefix=initial-sync
time="2025-08-06 19:55:53" level=debug msg="Received state initialized event" prefix=sync startTime=2025-08-06 19:55:08 +0000 UTC
time="2025-08-06 19:55:53" level=debug msg="Registered new RPC handler" prefix=sync topic="/eth2/beacon_chain/req/beacon_blocks_by_root/2/ssz_snappy"
time="2025-08-06 19:55:53" level=debug msg="Registered new RPC handler" prefix=sync topic="/eth2/beacon_chain/req/ping/1/ssz_snappy"
time="2025-08-06 19:55:53" level=debug msg="Registered new RPC handler" prefix=sync topic="/eth2/beacon_chain/req/metadata/2/ssz_snappy"
time="2025-08-06 19:55:53" level=debug msg="Registered new RPC handler" prefix=sync topic="/eth2/beacon_chain/req/status/1/ssz_snappy"
time="2025-08-06 19:55:53" level=debug msg="Registered new RPC handler" prefix=sync topic="/eth2/beacon_chain/req/goodbye/1/ssz_snappy"
time="2025-08-06 19:55:53" level=debug msg="Registered new RPC handler" prefix=sync topic="/eth2/beacon_chain/req/beacon_blocks_by_range/2/ssz_snappy"
time="2025-08-06 19:55:53" level=debug msg="Chain started in sync service" prefix=sync startTime=2025-08-06 19:55:08 +0000 UTC
time="2025-08-06 19:55:53" level=info msg="Started discovery v5" ENR="enr:-Mq4QPcJGc1Fk3I8UUAXLOOCETZeOHjXuxj7JkO40qC1l-EcL7Z4ONGpUVgon2uQHThZXsnHiXwgJkAo7FzDiQItwqaGAZiA9FeCh2F0dG5ldHOIAAAAAAAAAACEZXRoMpBa8xKTIAAAkwAdBAAAAAAAgmlkgnY0gmlwhAoAAAKEcXVpY4IyyIlzZWNwMjU2azGhA8ovruxJLozV5Oyw2pGA-X7MjFLiXmK_HK6HyUN2JPv7iHN5bmNuZXRzAIN0Y3CCMsiDdWRwgi7g" prefix=p2p
time="2025-08-06 19:55:53" level=debug msg="Searching for new active peers" currentPeerCount=0 prefix=p2p targetPeerCount=70
time="2025-08-06 19:55:53" level=debug msg="Done populating pubkey cache" duration=2.684977ms prefix=state-gen
time="2025-08-06 19:55:53" level=info msg="New node record" ENR=enr:-Mq4QPgjf_1jOytENtQl67LtJjJduomSJ0Ws8a_SPK-q4VGmSfInNOV4xGox57d_03yUzJGN72u8Hbn21lCZysDBxyGGAZiA9FeDh2F0dG5ldHOIBgAAAAAAAACEZXRoMpBa8xKTIAAAkwAdBAAAAAAAgmlkgnY0gmlwhAoAAAKEcXVpY4IyyIlzZWNwMjU2azGhA8ovruxJLozV5Oyw2pGA-X7MjFLiXmK_HK6HyUN2JPv7iHN5bmNuZXRzAIN0Y3CCMsiDdWRwgi7g prefix=p2p
time="2025-08-06 19:55:53" level=info msg="Node started p2p server" multiAddr="/ip4/10.0.0.2/tcp/13000/p2p/16Uiu2HAmSGEspDdLwJ9JWzgxFFpYsWditseAH7Xmdx55iXCf2zM8" prefix=p2p
time="2025-08-06 19:55:53" level=info msg="Node started p2p server" multiAddr="/ip4/10.0.0.2/udp/13000/quic-v1/p2p/16Uiu2HAmSGEspDdLwJ9JWzgxFFpYsWditseAH7Xmdx55iXCf2zM8" prefix=p2p
time="2025-08-06 19:55:53" level=info msg="Node started external p2p server" multiAddr="/ip4/10.0.0.2/tcp/13000/p2p/16Uiu2HAmSGEspDdLwJ9JWzgxFFpYsWditseAH7Xmdx55iXCf2zM8" prefix=p2p
time="2025-08-06 19:55:53" level=info msg="Node started external p2p server" multiAddr="/ip4/10.0.0.2/udp/13000/quic-v1/p2p/16Uiu2HAmSGEspDdLwJ9JWzgxFFpYsWditseAH7Xmdx55iXCf2zM8" prefix=p2p
time="2025-08-06 19:55:53" level=debug msg="Topic Parameters for /eth2/5af31293/beacon_block/ssz_snappy" FirstMessageDeliveriesCap=23 FirstMessageDeliveriesDecay=0.996408675081082 FirstMessageDeliveriesWeight=1 InvalidMessageDeliveriesDecay=0.9985619193472844 InvalidMessageDeliveriesWeight=-140.4475 MeshFailurePenaltyDecay=0.8576958985908941 MeshFailurePenaltyWeight=0 MeshMessageDeliveriesActivation=2m24s MeshMessageDeliveriesCap=30 MeshMessageDeliveriesDecay=0.8576958985908941 MeshMessageDeliveriesThreshold=3 MeshMessageDeliveriesWeight=0 MeshMessageDeliveriesWindow=2s SkipAtomicValidation=false TimeInMeshCap=600 TimeInMeshQuantum=6s TimeInMeshWeight=0.016666666666666666 TopicWeight=0.8 prefix=p2p
time="2025-08-06 19:55:53" level=info msg="Subscribed to" prefix=sync topic="/eth2/5af31293/beacon_block/ssz_snappy"
time="2025-08-06 19:55:53" level=debug msg="Topic Parameters for /eth2/5af31293/beacon_aggregate_and_proof/ssz_snappy" FirstMessageDeliveriesCap=7.464899343842072 FirstMessageDeliveriesDecay=0.46415888336127786 FirstMessageDeliveriesWeight=5.358411166387222 InvalidMessageDeliveriesDecay=0.9985619193472844 InvalidMessageDeliveriesWeight=-310 MeshFailurePenaltyDecay=0.46415888336127786 MeshFailurePenaltyWeight=0 MeshMessageDeliveriesActivation=36s MeshMessageDeliveriesCap=0.615982105571924 MeshMessageDeliveriesDecay=0.46415888336127786 MeshMessageDeliveriesThreshold=0.153995526392981 MeshMessageDeliveriesWeight=0 MeshMessageDeliveriesWindow=2s SkipAtomicValidation=false TimeInMeshCap=600 TimeInMeshQuantum=6s TimeInMeshWeight=0.016666666666666666 TopicWeight=0.5 prefix=p2p
time="2025-08-06 19:55:53" level=info msg="Subscribed to" prefix=sync topic="/eth2/5af31293/beacon_aggregate_and_proof/ssz_snappy"
time="2025-08-06 19:55:53" level=debug msg="Topic Parameters for /eth2/5af31293/voluntary_exit/ssz_snappy" FirstMessageDeliveriesCap=5 FirstMessageDeliveriesDecay=0.9992807009781007 FirstMessageDeliveriesWeight=2 InvalidMessageDeliveriesDecay=0.9985619193472844 InvalidMessageDeliveriesWeight=-2000 MeshFailurePenaltyDecay=0 MeshFailurePenaltyWeight=0 MeshMessageDeliveriesActivation=0s MeshMessageDeliveriesCap=0 MeshMessageDeliveriesDecay=0 MeshMessageDeliveriesThreshold=0 MeshMessageDeliveriesWeight=0 MeshMessageDeliveriesWindow=0s SkipAtomicValidation=false TimeInMeshCap=600 TimeInMeshQuantum=6s TimeInMeshWeight=0.016666666666666666 TopicWeight=0.05 prefix=p2p
time="2025-08-06 19:55:53" level=info msg="Subscribed to" prefix=sync topic="/eth2/5af31293/voluntary_exit/ssz_snappy"
time="2025-08-06 19:55:53" level=debug msg="Topic Parameters for /eth2/5af31293/proposer_slashing/ssz_snappy" FirstMessageDeliveriesCap=1 FirstMessageDeliveriesDecay=0.9992807009781007 FirstMessageDeliveriesWeight=36 InvalidMessageDeliveriesDecay=0.9985619193472844 InvalidMessageDeliveriesWeight=-2000 MeshFailurePenaltyDecay=0 MeshFailurePenaltyWeight=0 MeshMessageDeliveriesActivation=0s MeshMessageDeliveriesCap=0 MeshMessageDeliveriesDecay=0 MeshMessageDeliveriesThreshold=0 MeshMessageDeliveriesWeight=0 MeshMessageDeliveriesWindow=0s SkipAtomicValidation=false TimeInMeshCap=600 TimeInMeshQuantum=6s TimeInMeshWeight=0.016666666666666666 TopicWeight=0.05 prefix=p2p
time="2025-08-06 19:55:53" level=info msg="Subscribed to" prefix=sync topic="/eth2/5af31293/proposer_slashing/ssz_snappy"
time="2025-08-06 19:55:53" level=debug msg="Topic Parameters for /eth2/5af31293/attester_slashing/ssz_snappy" FirstMessageDeliveriesCap=1 FirstMessageDeliveriesDecay=0.9992807009781007 FirstMessageDeliveriesWeight=36 InvalidMessageDeliveriesDecay=0.9985619193472844 InvalidMessageDeliveriesWeight=-2000 MeshFailurePenaltyDecay=0 MeshFailurePenaltyWeight=0 MeshMessageDeliveriesActivation=0s MeshMessageDeliveriesCap=0 MeshMessageDeliveriesDecay=0 MeshMessageDeliveriesThreshold=0 MeshMessageDeliveriesWeight=0 MeshMessageDeliveriesWindow=0s SkipAtomicValidation=false TimeInMeshCap=600 TimeInMeshQuantum=6s TimeInMeshWeight=0.016666666666666666 TopicWeight=0.05 prefix=p2p
time="2025-08-06 19:55:53" level=info msg="Subscribed to" prefix=sync topic="/eth2/5af31293/attester_slashing/ssz_snappy"
time="2025-08-06 19:55:53" level=warning msg="numPerSlot is 0, skipping initializing topic scoring" prefix=p2p
time="2025-08-06 19:55:53" level=info msg="Subscribed to" prefix=sync topic="/eth2/5af31293/beacon_attestation_1/ssz_snappy"
time="2025-08-06 19:55:53" level=warning msg="numPerSlot is 0, skipping initializing topic scoring" prefix=p2p
time="2025-08-06 19:55:53" level=info msg="Subscribed to" prefix=sync topic="/eth2/5af31293/beacon_attestation_2/ssz_snappy"
time="2025-08-06 19:55:53" level=debug msg="Topic Parameters for /eth2/5af31293/sync_committee_contribution_and_proof/ssz_snappy" FirstMessageDeliveriesCap=7.464899343842072 FirstMessageDeliveriesDecay=0.46415888336127786 FirstMessageDeliveriesWeight=5.358411166387222 InvalidMessageDeliveriesDecay=0.9985619193472844 InvalidMessageDeliveriesWeight=-1550 MeshFailurePenaltyDecay=0.8254041852680184 MeshFailurePenaltyWeight=0 MeshMessageDeliveriesActivation=36s MeshMessageDeliveriesCap=3.3617878424103287 MeshMessageDeliveriesDecay=0.8254041852680184 MeshMessageDeliveriesThreshold=0.8404469606025822 MeshMessageDeliveriesWeight=0 MeshMessageDeliveriesWindow=2s SkipAtomicValidation=false TimeInMeshCap=600 TimeInMeshQuantum=6s TimeInMeshWeight=0.016666666666666666 TopicWeight=0.1 prefix=p2p
time="2025-08-06 19:55:53" level=info msg="Subscribed to" prefix=sync topic="/eth2/5af31293/sync_committee_contribution_and_proof/ssz_snappy"
time="2025-08-06 19:55:53" level=debug msg="Topic Parameters for /eth2/5af31293/bls_to_execution_change/ssz_snappy" FirstMessageDeliveriesCap=5 FirstMessageDeliveriesDecay=0.9992807009781007 FirstMessageDeliveriesWeight=2 InvalidMessageDeliveriesDecay=0.9985619193472844 InvalidMessageDeliveriesWeight=-2000 MeshFailurePenaltyDecay=0 MeshFailurePenaltyWeight=0 MeshMessageDeliveriesActivation=0s MeshMessageDeliveriesCap=0 MeshMessageDeliveriesDecay=0 MeshMessageDeliveriesThreshold=0 MeshMessageDeliveriesWeight=0 MeshMessageDeliveriesWindow=0s SkipAtomicValidation=false TimeInMeshCap=600 TimeInMeshQuantum=6s TimeInMeshWeight=0.016666666666666666 TopicWeight=0.05 prefix=p2p
time="2025-08-06 19:55:53" level=info msg="Subscribed to" prefix=sync topic="/eth2/5af31293/bls_to_execution_change/ssz_snappy"
time="2025-08-06 19:55:53" level=info msg="gRPC client connected to beacon node" addr="172.18.0.1:49626" prefix=rpc
time="2025-08-06 19:55:53" level=debug msg="Updated fee recipient addresses for validator indices" prefix="rpc/validator" validatorCount=16
time="2025-08-06 19:55:56" level=debug msg="Updated fee recipient addresses for validator indices" prefix="rpc/validator" validatorCount=16
time="2025-08-06 19:55:56" level=info msg="Begin building block" prefix="rpc/validator" sinceSlotStartTime=47.685646ms slot=8
time="2025-08-06 19:55:56" level=debug msg="Payload ID cache miss" headRoot=0x3f23f12107ff972058f0938e8971cb32bbb58bfb0d92af4210f8a5c5f104dd76 prefix="rpc/validator" slot=8 validatorIndex=40
time="2025-08-06 19:55:56" level=warning msg="Beacon Node is no longer connected to an ETH1 chain, so ETH1 data votes are now mocked." prefix="rpc/validator"
time="2025-08-06 19:55:56" level=debug msg="Received execution payload from local engine" prefix="rpc/validator" value=&{false []}
time="2025-08-06 19:55:56" level=debug msg="Computed state root" beaconStateRoot=0x11b7d8f2843d2b5efa715495546bb42b4e3496dd00970f6de9c90313e2b8319e prefix="rpc/validator"
time="2025-08-06 19:55:56" level=info msg="Finished building block" prefix="rpc/validator" sinceSlotStartTime=70.115519ms slot=8 validator=40
time="2025-08-06 19:55:56" level=debug msg="Synced new block" block=0x9d8accb8... chainServiceProcessedTime=22.379978ms dataAvailabilityWaitedTime=930ns deposits=0 epoch=1 finalizedEpoch=0 finalizedRoot=0x3f23f121... justifiedEpoch=0 justifiedRoot=0x00000000... parentRoot=0x3f23f121... prefix=blockchain sinceSlotStartTime=105.08382ms slot=8 slotInEpoch=2 version=capella
time="2025-08-06 19:55:56" level=debug msg="Synced new payload" blockHash=0x0dd3d7454beb blockNumber=1 blsToExecutionChanges=0 gasUtilized=0.00 parentHash=0xb250b9025b47 prefix=blockchain withdrawals=0
time="2025-08-06 19:55:56" level=info msg="Finished applying state transition" payloadHash=0x0dd3d7454beb prefix=blockchain slot=8 syncBitsCount=0 txCount=0
time="2025-08-06 19:55:59" level=debug msg="Aggregated unaggregated attestations" duration=203.125µs prefix="pool/attestations"
time="2025-08-06 19:55:59" level=info msg="New node record" ENR=enr:-Mq4QMl0pacHTOIvfiBF5Df4ZOgmUDOEaZWyJgx4LP5k6UcNFAE2iVce0LsRsqQFKZRpNshpFnsLd-Q0p9OYIRFle4aGAZiA9FeEh2F0dG5ldHOIBgAAAAAAAACEZXRoMpBa8xKTIAAAkwAdBAAAAAAAgmlkgnY0gmlwhAoAAAKEcXVpY4IyyIlzZWNwMjU2azGhA8ovruxJLozV5Oyw2pGA-X7MjFLiXmK_HK6HyUN2JPv7iHN5bmNuZXRzD4N0Y3CCMsiDdWRwgi7g prefix=p2p
time="2025-08-06 19:56:00" level=debug msg="Broadcasting aggregated attestation and proof" aggregatedCount=2 committeeIndex=0 prefix="rpc/core" slot=8 validatorIndex=38
time="2025-08-06 19:56:02" level=warning msg="numPerSlot is 0, skipping initializing topic scoring" prefix=p2p
time="2025-08-06 19:56:02" level=info msg="Subscribed to" prefix=sync topic="/eth2/5af31293/beacon_attestation_3/ssz_snappy"
time="2025-08-06 19:56:02" level=warning msg="numPerSlot is 0, skipping initializing topic scoring" prefix=p2p
time="2025-08-06 19:56:02" level=info msg="Subscribed to" prefix=sync topic="/eth2/5af31293/beacon_attestation_4/ssz_snappy"
time="2025-08-06 19:56:02" level=debug msg="Topic Parameters for /eth2/5af31293/sync_committee_0/ssz_snappy" FirstMessageDeliveriesCap=7.464899343842072 FirstMessageDeliveriesDecay=0.46415888336127786 FirstMessageDeliveriesWeight=5.358411166387222 InvalidMessageDeliveriesDecay=0.9985619193472844 InvalidMessageDeliveriesWeight=-1550 MeshFailurePenaltyDecay=0.8254041852680184 MeshFailurePenaltyWeight=0 MeshMessageDeliveriesActivation=36s MeshMessageDeliveriesCap=3.3617878424103287 MeshMessageDeliveriesDecay=0.8254041852680184 MeshMessageDeliveriesThreshold=0.8404469606025822 MeshMessageDeliveriesWeight=0 MeshMessageDeliveriesWindow=2s SkipAtomicValidation=false TimeInMeshCap=600 TimeInMeshQuantum=6s TimeInMeshWeight=0.016666666666666666 TopicWeight=0.1 prefix=p2p
time="2025-08-06 19:56:02" level=debug msg="Updated fee recipient addresses for validator indices" prefix="rpc/validator" validatorCount=16
time="2025-08-06 19:56:02" level=info msg="Subscribed to" prefix=sync topic="/eth2/5af31293/sync_committee_0/ssz_snappy"
time="2025-08-06 19:56:02" level=debug msg="Topic Parameters for /eth2/5af31293/sync_committee_1/ssz_snappy" FirstMessageDeliveriesCap=7.464899343842072 FirstMessageDeliveriesDecay=0.46415888336127786 FirstMessageDeliveriesWeight=5.358411166387222 InvalidMessageDeliveriesDecay=0.9985619193472844 InvalidMessageDeliveriesWeight=-1550 MeshFailurePenaltyDecay=0.8254041852680184 MeshFailurePenaltyWeight=0 MeshMessageDeliveriesActivation=36s MeshMessageDeliveriesCap=3.3617878424103287 MeshMessageDeliveriesDecay=0.8254041852680184 MeshMessageDeliveriesThreshold=0.8404469606025822 MeshMessageDeliveriesWeight=0 MeshMessageDeliveriesWindow=2s SkipAtomicValidation=false TimeInMeshCap=600 TimeInMeshQuantum=6s TimeInMeshWeight=0.016666666666666666 TopicWeight=0.1 prefix=p2p
time="2025-08-06 19:56:02" level=info msg="Subscribed to" prefix=sync topic="/eth2/5af31293/sync_committee_1/ssz_snappy"
time="2025-08-06 19:56:02" level=debug msg="Topic Parameters for /eth2/5af31293/sync_committee_2/ssz_snappy" FirstMessageDeliveriesCap=7.464899343842072 FirstMessageDeliveriesDecay=0.46415888336127786 FirstMessageDeliveriesWeight=5.358411166387222 InvalidMessageDeliveriesDecay=0.9985619193472844 InvalidMessageDeliveriesWeight=-1550 MeshFailurePenaltyDecay=0.8254041852680184 MeshFailurePenaltyWeight=0 MeshMessageDeliveriesActivation=36s MeshMessageDeliveriesCap=3.3617878424103287 MeshMessageDeliveriesDecay=0.8254041852680184 MeshMessageDeliveriesThreshold=0.8404469606025822 MeshMessageDeliveriesWeight=0 MeshMessageDeliveriesWindow=2s SkipAtomicValidation=false TimeInMeshCap=600 TimeInMeshQuantum=6s TimeInMeshWeight=0.016666666666666666 TopicWeight=0.1 prefix=p2p
time="2025-08-06 19:56:02" level=info msg="Subscribed to" prefix=sync topic="/eth2/5af31293/sync_committee_2/ssz_snappy"
time="2025-08-06 19:56:02" level=debug msg="Topic Parameters for /eth2/5af31293/sync_committee_3/ssz_snappy" FirstMessageDeliveriesCap=7.464899343842072 FirstMessageDeliveriesDecay=0.46415888336127786 FirstMessageDeliveriesWeight=5.358411166387222 InvalidMessageDeliveriesDecay=0.9985619193472844 InvalidMessageDeliveriesWeight=-1550 MeshFailurePenaltyDecay=0.8254041852680184 MeshFailurePenaltyWeight=0 MeshMessageDeliveriesActivation=36s MeshMessageDeliveriesCap=3.3617878424103287 MeshMessageDeliveriesDecay=0.8254041852680184 MeshMessageDeliveriesThreshold=0.8404469606025822 MeshMessageDeliveriesWeight=0 MeshMessageDeliveriesWindow=2s SkipAtomicValidation=false TimeInMeshCap=600 TimeInMeshQuantum=6s TimeInMeshWeight=0.016666666666666666 TopicWeight=0.1 prefix=p2p
time="2025-08-06 19:56:02" level=info msg="Subscribed to" prefix=sync topic="/eth2/5af31293/sync_committee_3/ssz_snappy"
time="2025-08-06 19:56:02" level=warning msg="numPerSlot is 0, skipping initializing topic scoring" prefix=p2p
time="2025-08-06 19:56:02" level=info msg="Subscribed to" prefix=sync topic="/eth2/5af31293/beacon_attestation_5/ssz_snappy"
time="2025-08-06 19:56:02" level=warning msg="numPerSlot is 0, skipping initializing topic scoring" prefix=p2p
time="2025-08-06 19:56:02" level=info msg="Subscribed to" prefix=sync topic="/eth2/5af31293/beacon_attestation_0/ssz_snappy"
time="2025-08-06 19:56:05" level=debug msg="Aggregated unaggregated attestations" duration=255.816µs prefix="pool/attestations"
time="2025-08-06 19:56:05" level=debug msg="Initiate peer connection" activePeers=1 direction=Outbound multiAddr="/ip4/10.0.0.1/udp/13000/quic-v1/p2p/16Uiu2HAm3ESX37CxP9zx8w4KYzNZkLbmsSUzsh6TfLAycdtpRNdJ" prefix=p2p
time="2025-08-06 19:56:06" level=debug msg="Broadcasting aggregated attestation and proof" aggregatedCount=2 committeeIndex=0 prefix="rpc/core" slot=9 validatorIndex=40
time="2025-08-06 19:56:08" level=info msg="Unsubscribed from" prefix=sync topic="/eth2/5af31293/beacon_attestation_3/ssz_snappy"
time="2025-08-06 19:56:08" level=debug msg="Updated fee recipient addresses for validator indices" prefix="rpc/validator" validatorCount=16
time="2025-08-06 19:56:08" level=debug msg="Trying to dial endpoint: http://geth:8551" prefix=execution
time="2025-08-06 19:56:08" level=info msg="Connected to new endpoint" endpoint="http://geth:8551" prefix=execution
time="2025-08-06 19:56:08" level=debug msg="Processing historical deposit logs" currentEth1Block=1 currentLogCount=0 prefix=execution
time="2025-08-06 19:56:08" level=debug msg="Latest eth1 chain event" blockHash=0x0dd3d7454beb900e18ce74e5093f4b57bc84e15066c874fce24856dfb16ee211 blockNumber=1 prefix=execution
time="2025-08-06 19:56:08" level=error msg="Beacon node is not respecting the follow distance. EL client is syncing." lastBlockNumber=1 prefix=execution
time="2025-08-06 19:56:11" level=debug msg="Aggregated unaggregated attestations" duration=130.013µs prefix="pool/attestations"
time="2025-08-06 19:56:12" level=debug msg="Broadcasting aggregated attestation and proof" aggregatedCount=2 committeeIndex=0 prefix="rpc/core" slot=10 validatorIndex=36
time="2025-08-06 19:56:14" level=debug msg="Updated fee recipient addresses for validator indices" prefix="rpc/validator" validatorCount=16
time="2025-08-06 19:56:14" level=info msg="Unsubscribed from" prefix=sync topic="/eth2/5af31293/beacon_attestation_4/ssz_snappy"
time="2025-08-06 19:56:17" level=debug msg="Aggregated unaggregated attestations" duration=149.053µs prefix="pool/attestations"
time="2025-08-06 19:56:18" level=debug msg="Broadcasting aggregated attestation and proof" aggregatedCount=3 committeeIndex=0 prefix="rpc/core" slot=11 validatorIndex=43
time="2025-08-06 19:56:20" level=warning msg="numPerSlot is 0, skipping initializing topic scoring" prefix=p2p
time="2025-08-06 19:56:20" level=info msg="Subscribed to" prefix=sync topic="/eth2/5af31293/beacon_attestation_3/ssz_snappy"
time="2025-08-06 19:56:20" level=warning msg="numPerSlot is 0, skipping initializing topic scoring" prefix=p2p
time="2025-08-06 19:56:20" level=info msg="Subscribed to" prefix=sync topic="/eth2/5af31293/beacon_attestation_4/ssz_snappy"
time="2025-08-06 19:56:20" level=debug msg="Updated fee recipient addresses for validator indices" prefix="rpc/validator" validatorCount=16
time="2025-08-06 19:56:21" level=debug msg="Latest eth1 chain event" blockHash=0x533a2903be17a3e8409a5043aa73d45a50a621abf2e5e0fe6e2448b154ea1b47 blockNumber=2 prefix=execution
time="2025-08-06 19:56:23" level=debug msg="Aggregated unaggregated attestations" duration=97.353µs prefix="pool/attestations"
time="2025-08-06 19:56:24" level=debug msg="Broadcasting aggregated attestation and proof" aggregatedCount=1 committeeIndex=0 prefix="rpc/core" slot=12 validatorIndex=42
time="2025-08-06 19:56:26" level=debug msg="Updated fee recipient addresses for validator indices" prefix="rpc/validator" validatorCount=16
time="2025-08-06 19:56:29" level=debug msg="Aggregated unaggregated attestations" duration=203.925µs prefix="pool/attestations"
time="2025-08-06 19:56:30" level=debug msg="Broadcasting aggregated attestation and proof" aggregatedCount=3 committeeIndex=0 prefix="rpc/core" slot=13 validatorIndex=32
time="2025-08-06 19:56:32" level=debug msg="Updated fee recipient addresses for validator indices" prefix="rpc/validator" validatorCount=16
time="2025-08-06 19:56:34" level=debug msg="Could not revalidate peer" error="deadline exceeded" peer=16Uiu2HAm3ESX37CxP9zx8w4KYzNZkLbmsSUzsh6TfLAycdtpRNdJ prefix=sync
time="2025-08-06 19:56:35" level=debug msg="Aggregated unaggregated attestations" duration=213.375µs prefix="pool/attestations"
time="2025-08-06 19:56:35" level=debug msg="Latest eth1 chain event" blockHash=0x3627dee63ad00888fb7b5ba2a0344289e2918b7ae2e08a5f6d269902a464ca63 blockNumber=3 prefix=execution
time="2025-08-06 19:56:36" level=debug msg="Broadcasting aggregated attestation and proof" aggregatedCount=3 committeeIndex=0 prefix="rpc/core" slot=14 validatorIndex=44
time="2025-08-06 19:56:38" level=debug msg="Updated fee recipient addresses for validator indices" prefix="rpc/validator" validatorCount=16
time="2025-08-06 19:56:41" level=debug msg="Aggregated unaggregated attestations" duration=117.623µs prefix="pool/attestations"
time="2025-08-06 19:56:42" level=debug msg="Broadcasting aggregated attestation and proof" aggregatedCount=2 committeeIndex=0 prefix="rpc/core" slot=15 validatorIndex=47
time="2025-08-06 19:56:44" level=debug msg="Updated fee recipient addresses for validator indices" prefix="rpc/validator" validatorCount=16
time="2025-08-06 19:56:44" level=info msg="Unsubscribed from" prefix=sync topic="/eth2/5af31293/beacon_attestation_3/ssz_snappy"
time="2025-08-06 19:56:44" level=debug msg="Received block" blockSlot=12 graffiti="" prefix=sync proposerIndex=16 sinceSlotStartTime=24.763821647s validationTime=1.863526ms
time="2025-08-06 19:56:44" level=debug msg="Synced new block" block=0xf39b943b... chainServiceProcessedTime=17.620893ms dataAvailabilityWaitedTime=760ns deposits=0 epoch=2 finalizedEpoch=0 finalizedRoot=0x3f23f121... justifiedEpoch=0 justifiedRoot=0x00000000... parentRoot=0x9d8accb8... prefix=blockchain sinceSlotStartTime=24.783442349s slot=12 slotInEpoch=0 version=capella
time="2025-08-06 19:56:44" level=debug msg="Synced new payload" blockHash=0x533a2903be17 blockNumber=2 blsToExecutionChanges=0 gasUtilized=0.00 parentHash=0x0dd3d7454beb prefix=blockchain withdrawals=0
time="2025-08-06 19:56:44" level=info msg="Finished applying state transition" attestations=4 payloadHash=0x533a2903be17 prefix=blockchain slot=12 syncBitsCount=32 txCount=0
time="2025-08-06 19:56:47" level=debug msg="Aggregated unaggregated attestations" duration=332.436µs prefix="pool/attestations"
time="2025-08-06 19:56:48" level=debug msg="Broadcasting aggregated attestation and proof" aggregatedCount=4 committeeIndex=0 prefix="rpc/core" slot=16 validatorIndex=43
time="2025-08-06 19:56:49" level=debug msg="Latest eth1 chain event" blockHash=0x67c858506918976fc8acff332d18c11e04ead0688c16c2991d6257dfaae74675 blockNumber=4 prefix=execution
time="2025-08-06 19:56:50" level=info msg="Unsubscribed from" prefix=sync topic="/eth2/5af31293/beacon_attestation_4/ssz_snappy"
time="2025-08-06 19:56:50" level=debug msg="Updated fee recipient addresses for validator indices" prefix="rpc/validator" validatorCount=16
time="2025-08-06 19:56:52" level=debug msg="Could not revalidate peer" error="deadline exceeded" peer=16Uiu2HAm3ESX37CxP9zx8w4KYzNZkLbmsSUzsh6TfLAycdtpRNdJ prefix=sync
time="2025-08-06 19:56:53" level=debug msg="Aggregated unaggregated attestations" duration=252.306µs prefix="pool/attestations"
time="2025-08-06 19:56:53" level=info msg="Connected peers" inboundQUIC=0 inboundTCP=0 outboundQUIC=1 outboundTCP=0 prefix=p2p total=1
time="2025-08-06 19:56:54" level=debug msg="Broadcasting aggregated attestation and proof" aggregatedCount=3 committeeIndex=0 prefix="rpc/core" slot=17 validatorIndex=34
time="2025-08-06 19:56:56" level=info msg="Unsubscribed from" prefix=sync topic="/eth2/5af31293/beacon_attestation_5/ssz_snappy"
time="2025-08-06 19:56:56" level=warning msg="numPerSlot is 0, skipping initializing topic scoring" prefix=p2p
time="2025-08-06 19:56:56" level=info msg="Subscribed to" prefix=sync topic="/eth2/5af31293/beacon_attestation_3/ssz_snappy"
time="2025-08-06 19:56:56" level=warning msg="numPerSlot is 0, skipping initializing topic scoring" prefix=p2p
time="2025-08-06 19:56:56" level=info msg="Subscribed to" prefix=sync topic="/eth2/5af31293/beacon_attestation_4/ssz_snappy"
time="2025-08-06 19:56:56" level=debug msg="Updated fee recipient addresses for validator indices" prefix="rpc/validator" validatorCount=16
time="2025-08-06 19:56:59" level=debug msg="Aggregated unaggregated attestations" duration=195.595µs prefix="pool/attestations"
time="2025-08-06 19:57:00" level=debug msg="Broadcasting aggregated attestation and proof" aggregatedCount=3 committeeIndex=0 prefix="rpc/core" slot=18 validatorIndex=36
time="2025-08-06 19:57:02" level=debug msg="Updated fee recipient addresses for validator indices" prefix="rpc/validator" validatorCount=16
time="2025-08-06 19:57:03" level=debug msg="Received block" blockSlot=14 graffiti="" prefix=sync proposerIndex=21 sinceSlotStartTime=31.207422071s validationTime=1.178279ms
time="2025-08-06 19:57:03" level=debug msg="Synced new block" block=0xfa439bba... chainServiceProcessedTime=15.085979ms dataAvailabilityWaitedTime=510ns deposits=0 epoch=2 finalizedEpoch=0 finalizedRoot=0x3f23f121... justifiedEpoch=0 justifiedRoot=0x00000000... parentRoot=0xf39b943b... prefix=blockchain sinceSlotStartTime=31.223838472s slot=14 slotInEpoch=2 version=capella
time="2025-08-06 19:57:03" level=debug msg="Synced new payload" blockHash=0x3627dee63ad0 blockNumber=3 blsToExecutionChanges=0 gasUtilized=0.00 parentHash=0x533a2903be17 prefix=blockchain withdrawals=0
time="2025-08-06 19:57:03" level=info msg="Finished applying state transition" attestations=9 payloadHash=0x3627dee63ad0 prefix=blockchain slot=14 syncBitsCount=256 txCount=0
time="2025-08-06 19:57:03" level=debug msg="Latest eth1 chain event" blockHash=0xe7009626a16420a05e751698e49400260240dee7974b99647693c85754ffab25 blockNumber=5 prefix=execution
time="2025-08-06 19:57:05" level=debug msg="Aggregated unaggregated attestations" duration=80.382µs prefix="pool/attestations"
time="2025-08-06 19:57:08" level=debug msg="Updated fee recipient addresses for validator indices" prefix="rpc/validator" validatorCount=16
time="2025-08-06 19:57:08" level=debug msg="Received block" blockSlot=15 graffiti="" prefix=sync proposerIndex=13 sinceSlotStartTime=30.399912429s validationTime=1.096177ms
time="2025-08-06 19:57:08" level=debug msg="Synced new block" block=0x775ec8d6... chainServiceProcessedTime=19.720728ms dataAvailabilityWaitedTime=680ns deposits=0 epoch=2 finalizedEpoch=0 finalizedRoot=0x3f23f121... justifiedEpoch=0 justifiedRoot=0x00000000... parentRoot=0xfa439bba... prefix=blockchain sinceSlotStartTime=30.420852047s slot=15 slotInEpoch=3 version=capella
time="2025-08-06 19:57:08" level=debug msg="Synced new payload" blockHash=0x67c858506918 blockNumber=4 blsToExecutionChanges=0 gasUtilized=0.00 parentHash=0x3627dee63ad0 prefix=blockchain withdrawals=0
time="2025-08-06 19:57:08" level=info msg="Finished applying state transition" attestations=3 payloadHash=0x67c858506918 prefix=blockchain slot=15 syncBitsCount=192 txCount=0
time="2025-08-06 19:57:11" level=debug msg="Aggregated unaggregated attestations" duration=82.072µs prefix="pool/attestations"
time="2025-08-06 19:57:14" level=debug msg="Updated fee recipient addresses for validator indices" prefix="rpc/validator" validatorCount=16
time="2025-08-06 19:57:16" level=error msg="Received nil payload ID on VALID engine response" blockHash=0x67c858506918976fc8acff332d18c11e04ead0688c16c2991d6257dfaae74675 nextSlot=22 prefix=blockchain slot=15
time="2025-08-06 19:57:17" level=debug msg="Aggregated unaggregated attestations" duration=497.158µs prefix="pool/attestations"
time="2025-08-06 19:57:17" level=debug msg="Latest eth1 chain event" blockHash=0x7c87a352b9898625f6b694e6f9d791692f5b00a0111d9966b8cc53b615a0927d blockNumber=6 prefix=execution
time="2025-08-06 19:57:18" level=debug msg="Broadcasting aggregated attestation and proof" aggregatedCount=4 committeeIndex=0 prefix="rpc/core" slot=21 validatorIndex=42
time="2025-08-06 19:57:20" level=debug msg="Updated fee recipient addresses for validator indices" prefix="rpc/validator" validatorCount=16
time="2025-08-06 19:57:20" level=info msg="Unsubscribed from" prefix=sync topic="/eth2/5af31293/beacon_attestation_3/ssz_snappy"
time="2025-08-06 19:57:20" level=info msg="Begin building block" prefix="rpc/validator" sinceSlotStartTime=38.438743ms slot=22
time="2025-08-06 19:57:20" level=debug msg="Payload ID cache miss" headRoot=0x775ec8d6e4a5795b2e25f92bc2e6c8df83a5e36b53d0dbfa8b5710956c678578 prefix="rpc/validator" slot=22 validatorIndex=36
time="2025-08-06 19:57:20" level=error msg="Finished building block" error="rpc error: code = Internal desc = Could not get local payload: nil payload with block hash: 0x67c858506918976fc8acff332d18c11e04ead0688c16c2991d6257dfaae74675" prefix="rpc/validator" sinceSlotStartTime=43.184818ms slot=22 validator=36
time="2025-08-06 19:57:20" level=error msg="Could not pack deposits and attestations" error="context canceled" prefix="rpc/validator"
time="2025-08-06 19:57:23" level=debug msg="Aggregated unaggregated attestations" duration=277.217µs prefix="pool/attestations"
time="2025-08-06 19:57:24" level=debug msg="Broadcasting aggregated attestation and proof" aggregatedCount=2 committeeIndex=0 prefix="rpc/core" slot=22 validatorIndex=34
time="2025-08-06 19:57:26" level=info msg="Unsubscribed from" prefix=sync topic="/eth2/5af31293/beacon_attestation_4/ssz_snappy"
time="2025-08-06 19:57:26" level=debug msg="Updated fee recipient addresses for validator indices" prefix="rpc/validator" validatorCount=16
time="2025-08-06 19:57:28" level=error msg="Received nil payload ID on VALID engine response" blockHash=0x67c858506918976fc8acff332d18c11e04ead0688c16c2991d6257dfaae74675 nextSlot=24 prefix=blockchain slot=15
time="2025-08-06 19:57:29" level=debug msg="Aggregated unaggregated attestations" duration=71.132µs prefix="pool/attestations"
time="2025-08-06 19:57:31" level=debug msg="Latest eth1 chain event" blockHash=0x60d2700116464ed10b24b35dd0df1378c69d042e5df49a253adf30203e209d0a blockNumber=7 prefix=execution
time="2025-08-06 19:57:32" level=warning msg="numPerSlot is 0, skipping initializing topic scoring" prefix=p2p
time="2025-08-06 19:57:32" level=info msg="Subscribed to" prefix=sync topic="/eth2/5af31293/beacon_attestation_3/ssz_snappy"
time="2025-08-06 19:57:32" level=warning msg="numPerSlot is 0, skipping initializing topic scoring" prefix=p2p
time="2025-08-06 19:57:32" level=info msg="Subscribed to" prefix=sync topic="/eth2/5af31293/beacon_attestation_4/ssz_snappy"
time="2025-08-06 19:57:32" level=warning msg="numPerSlot is 0, skipping initializing topic scoring" prefix=p2p
time="2025-08-06 19:57:32" level=info msg="Subscribed to" prefix=sync topic="/eth2/5af31293/beacon_attestation_5/ssz_snappy"
time="2025-08-06 19:57:32" level=debug msg="Updated fee recipient addresses for validator indices" prefix="rpc/validator" validatorCount=16
time="2025-08-06 19:57:32" level=info msg="Begin building block" prefix="rpc/validator" sinceSlotStartTime=54.190375ms slot=24
time="2025-08-06 19:57:32" level=debug msg="Payload ID cache miss" headRoot=0x775ec8d6e4a5795b2e25f92bc2e6c8df83a5e36b53d0dbfa8b5710956c678578 prefix="rpc/validator" slot=24 validatorIndex=36
time="2025-08-06 19:57:32" level=error msg="Finished building block" error="rpc error: code = Internal desc = Could not get local payload: nil payload with block hash: 0x67c858506918976fc8acff332d18c11e04ead0688c16c2991d6257dfaae74675" prefix="rpc/validator" sinceSlotStartTime=56.880379ms slot=24 validator=36
time="2025-08-06 19:57:32" level=error msg="Could not delete invalid attestations" error="context canceled" prefix="rpc/validator"
time="2025-08-06 19:57:32" level=error msg="Could not create attestation signature set" error="could not interface with committee cache: context canceled" prefix="rpc/validator"
time="2025-08-06 19:57:32" level=error msg="Could not create individual attestation signature set" beaconBlockRoot=775ec8d6e4a5795b2e25f92bc2e6c8df83a5e36b53d0dbfa8b5710956c678578 error="could not interface with committee cache: context canceled" index=0 prefix="rpc/validator" slot=21 targetEpoch=3 targetRoot=775ec8d6e4a5795b2e25f92bc2e6c8df83a5e36b53d0dbfa8b5710956c678578
time="2025-08-06 19:57:32" level=error msg="Could not pack deposits and attestations" error="context canceled" prefix="rpc/validator"
time="2025-08-06 19:57:33" level=debug msg="Received block" blockSlot=19 graffiti="" prefix=sync proposerIndex=11 sinceSlotStartTime=31.375947784s validationTime=857.55µs
time="2025-08-06 19:57:33" level=debug msg="Recovering state for epoch boundary cache" prefix=state-gen root=0x775ec8d6e4a5795b2e25f92bc2e6c8df83a5e36b53d0dbfa8b5710956c678578 slot=18
time="2025-08-06 19:57:33" level=warning msg="Expanding committee cache size from 4 to 32"
time="2025-08-06 19:57:33" level=debug msg="Synced new block" block=0xc2750fe2... chainServiceProcessedTime=25.41519ms dataAvailabilityWaitedTime=880ns deposits=0 epoch=3 finalizedEpoch=0 finalizedRoot=0x3f23f121... justifiedEpoch=2 justifiedRoot=0xf39b943b... parentRoot=0x775ec8d6... prefix=blockchain sinceSlotStartTime=31.402366807s slot=19 slotInEpoch=1 version=capella
time="2025-08-06 19:57:33" level=debug msg="Synced new payload" blockHash=0xe7009626a164 blockNumber=5 blsToExecutionChanges=0 gasUtilized=0.00 parentHash=0x67c858506918 prefix=blockchain withdrawals=0
time="2025-08-06 19:57:33" level=info msg="Finished applying state transition" attestations=9 payloadHash=0xe7009626a164 prefix=blockchain slot=19 syncBitsCount=128 txCount=0
time="2025-08-06 19:57:35" level=debug msg="Received block" blockSlot=20 graffiti="" prefix=sync proposerIndex=20 sinceSlotStartTime=27.341886862s validationTime=786.419µs
time="2025-08-06 19:57:35" level=debug msg="Synced new block" block=0x3aefc938... chainServiceProcessedTime=18.571317ms dataAvailabilityWaitedTime=900ns deposits=0 epoch=3 finalizedEpoch=0 finalizedRoot=0x3f23f121... justifiedEpoch=2 justifiedRoot=0xf39b943b... parentRoot=0xc2750fe2... prefix=blockchain sinceSlotStartTime=27.361357051s slot=20 slotInEpoch=2 version=capella
time="2025-08-06 19:57:35" level=debug msg="Synced new payload" blockHash=0x7c87a352b989 blockNumber=6 blsToExecutionChanges=0 gasUtilized=0.00 parentHash=0xe7009626a164 prefix=blockchain withdrawals=0
time="2025-08-06 19:57:35" level=info msg="Finished applying state transition" attestations=1 payloadHash=0x7c87a352b989 prefix=blockchain slot=20 syncBitsCount=128 txCount=0
time="2025-08-06 19:57:35" level=debug msg="Aggregated unaggregated attestations" duration=78.342µs prefix="pool/attestations"
time="2025-08-06 19:57:40" level=error msg="Received nil payload ID on VALID engine response" blockHash=0x7c87a352b9898625f6b694e6f9d791692f5b00a0111d9966b8cc53b615a0927d nextSlot=26 prefix=blockchain slot=20
time="2025-08-06 19:57:41" level=debug msg="Aggregated unaggregated attestations" duration=278.837µs prefix="pool/attestations"
time="2025-08-06 19:57:44" level=debug msg="Received block" blockSlot=23 graffiti="" prefix=sync proposerIndex=6 sinceSlotStartTime=18.483406566s validationTime=2.195453ms
time="2025-08-06 19:57:44" level=debug msg="Synced new block" block=0x18fb5bc3... chainServiceProcessedTime=27.17272ms dataAvailabilityWaitedTime=1.13µs deposits=0 epoch=3 finalizedEpoch=0 finalizedRoot=0x3f23f121... justifiedEpoch=2 justifiedRoot=0xf39b943b... parentRoot=0x3aefc938... prefix=blockchain sinceSlotStartTime=18.512911632s slot=23 slotInEpoch=5 version=capella
time="2025-08-06 19:57:44" level=debug msg="Synced new payload" blockHash=0x60d270011646 blockNumber=7 blsToExecutionChanges=0 gasUtilized=0.00 parentHash=0x7c87a352b989 prefix=blockchain withdrawals=0
time="2025-08-06 19:57:44" level=info msg="Finished applying state transition" attestations=5 payloadHash=0x60d270011646 prefix=blockchain slot=23 syncBitsCount=64 txCount=0
time="2025-08-06 19:57:45" level=debug msg="Latest eth1 chain event" blockHash=0xa51c39e38441ccdd960f38d35842b60e33abe5d3a383585438cfec60c080ebd5 blockNumber=8 prefix=execution
time="2025-08-06 19:57:47" level=debug msg="Aggregated unaggregated attestations" duration=71.072µs prefix="pool/attestations"
time="2025-08-06 19:57:50" level=debug msg="Received block" blockSlot=25 graffiti="" prefix=sync proposerIndex=31 sinceSlotStartTime=12.378397111s validationTime=883.892µs
time="2025-08-06 19:57:50" level=debug msg="Recovering state for epoch boundary cache" prefix=state-gen root=0x18fb5bc3c97bf1d3346376514f152a8b13f708d9426a9b6bf1766420d5825393 slot=24
time="2025-08-06 19:57:50" level=debug msg="Synced new block" block=0xc7737362... chainServiceProcessedTime=18.551303ms dataAvailabilityWaitedTime=1.33µs deposits=0 epoch=4 finalizedEpoch=0 finalizedRoot=0x3f23f121... justifiedEpoch=2 justifiedRoot=0xf39b943b... parentRoot=0x18fb5bc3... prefix=blockchain sinceSlotStartTime=12.397977769s slot=25 slotInEpoch=1 version=capella
time="2025-08-06 19:57:50" level=debug msg="Synced new payload" blockHash=0xa51c39e38441 blockNumber=8 blsToExecutionChanges=0 gasUtilized=0.00 parentHash=0x60d270011646 prefix=blockchain withdrawals=0
time="2025-08-06 19:57:50" level=info msg="Finished applying state transition" attestations=2 payloadHash=0xa51c39e38441 prefix=blockchain slot=25 syncBitsCount=192 txCount=0
time="2025-08-06 19:57:53" level=debug msg="Aggregated unaggregated attestations" duration=317.437µs prefix="pool/attestations"
time="2025-08-06 19:57:53" level=info msg="Connected peers" inboundQUIC=0 inboundTCP=0 outboundQUIC=1 outboundTCP=0 prefix=p2p total=1
time="2025-08-06 19:57:56" level=info msg="Unsubscribed from" prefix=sync topic="/eth2/5af31293/beacon_attestation_3/ssz_snappy"
time="2025-08-06 19:57:58" level=debug msg="Received block" blockSlot=28 graffiti="" prefix=sync proposerIndex=5 sinceSlotStartTime=2.673464569s validationTime=808.149µs
time="2025-08-06 19:57:58" level=debug msg="Synced new block" block=0x7f3f44d0... chainServiceProcessedTime=16.787585ms dataAvailabilityWaitedTime=730ns deposits=0 epoch=4 finalizedEpoch=0 finalizedRoot=0x3f23f121... justifiedEpoch=2 justifiedRoot=0xf39b943b... parentRoot=0xc7737362... prefix=blockchain sinceSlotStartTime=2.691199377s slot=28 slotInEpoch=4 version=capella
time="2025-08-06 19:57:58" level=debug msg="Synced new payload" blockHash=0x665a223cb8e7 blockNumber=9 blsToExecutionChanges=0 gasUtilized=0.00 parentHash=0xa51c39e38441 prefix=blockchain withdrawals=0
time="2025-08-06 19:57:58" level=info msg="Finished applying state transition" attestations=3 payloadHash=0x665a223cb8e7 prefix=blockchain slot=28 syncBitsCount=128 txCount=0
time="2025-08-06 19:57:59" level=debug msg="Aggregated unaggregated attestations" duration=85.591µs prefix="pool/attestations"
time="2025-08-06 19:57:59" level=debug msg="Latest eth1 chain event" blockHash=0x665a223cb8e78d84e91318dbf59a94d622203a3aef79a6862834f0d55b3cc79c blockNumber=9 prefix=execution
time="2025-08-06 19:58:02" level=info msg="Unsubscribed from" prefix=sync topic="/eth2/5af31293/beacon_attestation_4/ssz_snappy"
time="2025-08-06 19:58:05" level=debug msg="Aggregated unaggregated attestations" duration=71.382µs prefix="pool/attestations"
time="2025-08-06 19:58:08" level=warning msg="numPerSlot is 0, skipping initializing topic scoring" prefix=p2p
time="2025-08-06 19:58:08" level=info msg="Subscribed to" prefix=sync topic="/eth2/5af31293/beacon_attestation_3/ssz_snappy"
time="2025-08-06 19:58:08" level=warning msg="numPerSlot is 0, skipping initializing topic scoring" prefix=p2p
time="2025-08-06 19:58:08" level=info msg="Subscribed to" prefix=sync topic="/eth2/5af31293/beacon_attestation_4/ssz_snappy"
time="2025-08-06 19:58:11" level=debug msg="Aggregated unaggregated attestations" duration=42.171µs prefix="pool/attestations"
time="2025-08-06 19:58:13" level=debug msg="Latest eth1 chain event" blockHash=0x665a223cb8e78d84e91318dbf59a94d622203a3aef79a6862834f0d55b3cc79c blockNumber=9 prefix=execution
time="2025-08-06 19:58:13" level=error msg="Beacon node is not respecting the follow distance. EL client is syncing." lastBlockNumber=9 prefix=execution
time="2025-08-06 19:58:14" level=info msg="Unsubscribed from" prefix=sync topic="/eth2/5af31293/beacon_attestation_0/ssz_snappy"
time="2025-08-06 19:58:15" level=debug msg="Received block" blockSlot=31 graffiti="" prefix=sync proposerIndex=10 sinceSlotStartTime=1.673895484s validationTime=857.391µs
time="2025-08-06 19:58:15" level=debug msg="Recovering state for epoch boundary cache" prefix=state-gen root=0x7f3f44d03fea1108fd5cde0ee356bbfb06283f14d07058919d9f651d9d81a0b5 slot=30
time="2025-08-06 19:58:15" level=debug msg="Synced new block" block=0x9602bd91... chainServiceProcessedTime=15.859682ms dataAvailabilityWaitedTime=740ns deposits=0 epoch=5 finalizedEpoch=0 finalizedRoot=0x3f23f121... justifiedEpoch=2 justifiedRoot=0xf39b943b... parentRoot=0x7f3f44d0... prefix=blockchain sinceSlotStartTime=1.69075746s slot=31 slotInEpoch=1 version=capella
time="2025-08-06 19:58:15" level=debug msg="Synced new payload" blockHash=0xeb073a3ccbec blockNumber=10 blsToExecutionChanges=0 gasUtilized=0.00 parentHash=0x665a223cb8e7 prefix=blockchain withdrawals=0
time="2025-08-06 19:58:15" level=info msg="Finished applying state transition" attestations=3 payloadHash=0xeb073a3ccbec prefix=blockchain slot=31 syncBitsCount=192 txCount=0
time="2025-08-06 19:58:17" level=debug msg="Aggregated unaggregated attestations" duration=84.571µs prefix="pool/attestations"
time="2025-08-06 19:58:23" level=debug msg="Aggregated unaggregated attestations" duration=56.942µs prefix="pool/attestations"
time="2025-08-06 19:58:27" level=debug msg="Latest eth1 chain event" blockHash=0xeb073a3ccbec984a484c349d40583a170e9cde910d961b26fc2588957cfce671 blockNumber=10 prefix=execution
time="2025-08-06 19:58:29" level=debug msg="Aggregated unaggregated attestations" duration=48.061µs prefix="pool/attestations"
time="2025-08-06 19:58:32" level=info msg="Unsubscribed from" prefix=sync topic="/eth2/5af31293/beacon_attestation_3/ssz_snappy"
time="2025-08-06 19:58:35" level=debug msg="Aggregated unaggregated attestations" duration=100.512µs prefix="pool/attestations"
time="2025-08-06 19:58:38" level=info msg="Unsubscribed from" prefix=sync topic="/eth2/5af31293/beacon_attestation_4/ssz_snappy"
time="2025-08-06 19:58:41" level=debug msg="Aggregated unaggregated attestations" duration=89.642µs prefix="pool/attestations"
time="2025-08-06 19:58:41" level=debug msg="Latest eth1 chain event" blockHash=0xeb073a3ccbec984a484c349d40583a170e9cde910d961b26fc2588957cfce671 blockNumber=10 prefix=execution
time="2025-08-06 19:58:41" level=error msg="Beacon node is not respecting the follow distance. EL client is syncing." lastBlockNumber=10 prefix=execution
time="2025-08-06 19:58:44" level=info msg="Unsubscribed from" prefix=sync topic="/eth2/5af31293/beacon_attestation_5/ssz_snappy"
time="2025-08-06 19:58:47" level=debug msg="Aggregated unaggregated attestations" duration=80.192µs prefix="pool/attestations"
time="2025-08-06 19:58:53" level=debug msg="Aggregated unaggregated attestations" duration=98.733µs prefix="pool/attestations"
time="2025-08-06 19:58:53" level=info msg="Connected peers" inboundQUIC=0 inboundTCP=0 outboundQUIC=1 outboundTCP=0 prefix=p2p total=1
time="2025-08-06 19:58:55" level=debug msg="Latest eth1 chain event" blockHash=0xeb073a3ccbec984a484c349d40583a170e9cde910d961b26fc2588957cfce671 blockNumber=10 prefix=execution
time="2025-08-06 19:58:55" level=error msg="Beacon node is not respecting the follow distance. EL client is syncing." lastBlockNumber=10 prefix=execution
time="2025-08-06 19:58:57" level=debug msg="Received block" blockSlot=38 graffiti="" prefix=sync proposerIndex=15 sinceSlotStartTime=1.624692643s validationTime=913.962µs
time="2025-08-06 19:58:57" level=debug msg="Recovering state for epoch boundary cache" prefix=state-gen root=0x9602bd91e2892ec3bcd25b75dded24fda51c4d85079122ba28f9c56f8c59c54b slot=36
time="2025-08-06 19:58:57" level=debug msg="Synced new block" block=0xbf2e814e... chainServiceProcessedTime=15.984354ms dataAvailabilityWaitedTime=560ns deposits=0 epoch=6 finalizedEpoch=0 finalizedRoot=0x3f23f121... justifiedEpoch=2 justifiedRoot=0xf39b943b... parentRoot=0x9602bd91... prefix=blockchain sinceSlotStartTime=1.641741663s slot=38 slotInEpoch=2 version=capella
time="2025-08-06 19:58:57" level=debug msg="Synced new payload" blockHash=0xff921fda7d25 blockNumber=11 blsToExecutionChanges=0 gasUtilized=0.00 parentHash=0xeb073a3ccbec prefix=blockchain withdrawals=0
time="2025-08-06 19:58:57" level=info msg="Finished applying state transition" attestations=6 payloadHash=0xff921fda7d25 prefix=blockchain slot=38 syncBitsCount=192 txCount=0
time="2025-08-06 19:58:57" level=info msg="Forkchoice updated with payload attributes for proposal" blockRoot=0xbf2e814e5f4a headSlot=38 nextSlot=39 payloadID=0x023c70cd88d3 prefix=blockchain
time="2025-08-06 19:58:59" level=debug msg="Aggregated unaggregated attestations" duration=49.071µs prefix="pool/attestations"
time="2025-08-06 19:59:05" level=debug msg="Aggregated unaggregated attestations" duration=226.326µs prefix="pool/attestations"
time="2025-08-06 19:59:09" level=debug msg="Latest eth1 chain event" blockHash=0xff921fda7d25d7faf0291e5f5bf9316106a7fb581c09bcd7cf263d056f35684c blockNumber=11 prefix=execution
time="2025-08-06 19:59:10" level=info msg="Forkchoice updated with payload attributes for proposal" blockRoot=0xbf2e814e5f4a headSlot=38 nextSlot=41 payloadID=0x02b79dd10bb7 prefix=blockchain
time="2025-08-06 19:59:11" level=debug msg="Aggregated unaggregated attestations" duration=99.242µs prefix="pool/attestations"
time="2025-08-06 19:59:17" level=debug msg="Aggregated unaggregated attestations" duration=62.641µs prefix="pool/attestations"
time="2025-08-06 19:59:20" level=debug msg="Received block" blockSlot=42 graffiti="" prefix=sync proposerIndex=8 sinceSlotStartTime=873.34532ms validationTime=959.913µs
time="2025-08-06 19:59:20" level=debug msg="Synced new block" block=0x3db581ef... chainServiceProcessedTime=12.946721ms dataAvailabilityWaitedTime=810ns deposits=0 epoch=7 finalizedEpoch=0 finalizedRoot=0x3f23f121... justifiedEpoch=2 justifiedRoot=0xf39b943b... parentRoot=0xbf2e814e... prefix=blockchain sinceSlotStartTime=887.437189ms slot=42 slotInEpoch=0 version=capella
time="2025-08-06 19:59:20" level=debug msg="Synced new payload" blockHash=0x4980ad65bb41 blockNumber=12 blsToExecutionChanges=0 gasUtilized=0.00 parentHash=0xff921fda7d25 prefix=blockchain withdrawals=0
time="2025-08-06 19:59:20" level=info msg="Finished applying state transition" attestations=4 payloadHash=0x4980ad65bb41 prefix=blockchain slot=42 syncBitsCount=128 txCount=0
time="2025-08-06 19:59:23" level=debug msg="Aggregated unaggregated attestations" duration=37.34µs prefix="pool/attestations"
time="2025-08-06 19:59:23" level=debug msg="Latest eth1 chain event" blockHash=0x4980ad65bb41c390134b2745f98ed1da1cd4a50121269db49cfda741ba08debc blockNumber=12 prefix=execution
time="2025-08-06 19:59:29" level=debug msg="Aggregated unaggregated attestations" duration=141.198µs prefix="pool/attestations"
time="2025-08-06 19:59:33" level=debug msg="Received block" blockSlot=44 graffiti="" prefix=sync proposerIndex=9 sinceSlotStartTime=1.57200928s validationTime=859.49µs
time="2025-08-06 19:59:33" level=debug msg="Synced new block" block=0x0ef7ba33... chainServiceProcessedTime=15.599615ms dataAvailabilityWaitedTime=1.05µs deposits=0 epoch=7 finalizedEpoch=0 finalizedRoot=0x3f23f121... justifiedEpoch=2 justifiedRoot=0xf39b943b... parentRoot=0x3db581ef... prefix=blockchain sinceSlotStartTime=1.588606119s slot=44 slotInEpoch=2 version=capella
time="2025-08-06 19:59:33" level=debug msg="Synced new payload" blockHash=0x1035832082b8 blockNumber=13 blsToExecutionChanges=0 gasUtilized=0.00 parentHash=0x4980ad65bb41 prefix=blockchain withdrawals=0
time="2025-08-06 19:59:33" level=info msg="Finished applying state transition" attestations=2 payloadHash=0x1035832082b8 prefix=blockchain slot=44 syncBitsCount=256 txCount=0
time="2025-08-06 19:59:35" level=debug msg="Aggregated unaggregated attestations" duration=29.061µs prefix="pool/attestations"
time="2025-08-06 19:59:37" level=debug msg="Latest eth1 chain event" blockHash=0x1035832082b8f339d0256b11f250f4ed6542c9aa275ebc28bc4cc6a76c78ac31 blockNumber=13 prefix=execution
time="2025-08-06 19:59:39" level=debug msg="Received block" blockSlot=45 graffiti="" prefix=sync proposerIndex=27 sinceSlotStartTime=1.443632135s validationTime=847.1µs
time="2025-08-06 19:59:39" level=debug msg="Synced new block" block=0x4b1fc7a4... chainServiceProcessedTime=13.186478ms dataAvailabilityWaitedTime=480ns deposits=0 epoch=7 finalizedEpoch=0 finalizedRoot=0x3f23f121... justifiedEpoch=2 justifiedRoot=0xf39b943b... parentRoot=0x0ef7ba33... prefix=blockchain sinceSlotStartTime=1.457789666s slot=45 slotInEpoch=3 version=capella
time="2025-08-06 19:59:39" level=debug msg="Synced new payload" blockHash=0xff58a31e6fab blockNumber=14 blsToExecutionChanges=0 gasUtilized=0.00 parentHash=0x1035832082b8 prefix=blockchain withdrawals=0
time="2025-08-06 19:59:39" level=info msg="Finished applying state transition" attestations=1 payloadHash=0xff58a31e6fab prefix=blockchain slot=45 syncBitsCount=128 txCount=0
time="2025-08-06 19:59:41" level=debug msg="Aggregated unaggregated attestations" duration=63.382µs prefix="pool/attestations"